[  0%] Built target geometry_msgs_generate_messages_py
[  0%] Built target std_msgs_generate_messages_py
[  0%] Built target std_msgs_generate_messages_nodejs
[  0%] Built target std_msgs_generate_messages_eus
[  0%] Built target sensor_msgs_generate_messages_lisp
[  0%] Built target geometry_msgs_generate_messages_nodejs
[  0%] Built target std_msgs_generate_messages_cpp
[  0%] Built target geometry_msgs_generate_messages_eus
[  0%] Built target sensor_msgs_generate_messages_py
[  0%] Built target geometry_msgs_generate_messages_lisp
[  0%] Built target std_msgs_generate_messages_lisp
[  0%] Built target sensor_msgs_generate_messages_cpp
[  0%] Built target sensor_msgs_generate_messages_eus
[  0%] Built target sensor_msgs_generate_messages_nodejs
[  0%] Built target geometry_msgs_generate_messages_cpp
[ 50%] Built target cv_bridge
[100%] Built target cv_bridge_boost
[36mInstall the project...[0m
-- Install configuration: ""
-- Installing: /home/malici/catkin_workspace/install/_setup_util.py
-- Installing: /home/malici/catkin_workspace/install/env.sh
-- Installing: /home/malici/catkin_workspace/install/setup.bash
-- Installing: /home/malici/catkin_workspace/install/local_setup.bash
-- Installing: /home/malici/catkin_workspace/install/setup.sh
-- Installing: /home/malici/catkin_workspace/install/local_setup.sh
-- Installing: /home/malici/catkin_workspace/install/setup.zsh
-- Installing: /home/malici/catkin_workspace/install/local_setup.zsh
-- Installing: /home/malici/catkin_workspace/install/.rosinstall
-- Installing: /home/malici/catkin_workspace/install/lib/pkgconfig/cv_bridge.pc
-- Installing: /home/malici/catkin_workspace/install/share/cv_bridge/cmake/cv_bridge-extras.cmake
-- Installing: /home/malici/catkin_workspace/install/share/cv_bridge/cmake/cv_bridgeConfig.cmake
-- Installing: /home/malici/catkin_workspace/install/share/cv_bridge/cmake/cv_bridgeConfig-version.cmake
-- Installing: /home/malici/catkin_workspace/install/share/cv_bridge/package.xml
+ cd /home/malici/catkin_workspace/src/vision_opencv/cv_bridge
+ mkdir -p /home/malici/catkin_workspace/install/lib/python3/dist-packages
+ /usr/bin/env PYTHONPATH=/home/malici/catkin_workspace/install/lib/python3/dist-packages:/home/malici/catkin_workspace/build/cv_bridge/lib/python3/dist-packages:/home/malici/navi_ws/devel/lib/python2.7/dist-packages:/opt/ros/melodic/lib/python2.7/dist-packages CATKIN_BINARY_DIR=/home/malici/catkin_workspace/build/cv_bridge /usr/bin/python3 /home/malici/catkin_workspace/src/vision_opencv/cv_bridge/setup.py build --build-base /home/malici/catkin_workspace/build/cv_bridge install --root=/ --install-layout=deb --prefix=/home/malici/catkin_workspace/install --install-scripts=/home/malici/catkin_workspace/install/bin
running build
running build_py
creating /home/malici/catkin_workspace/build/cv_bridge/lib
creating /home/malici/catkin_workspace/build/cv_bridge/lib/cv_bridge
copying python/cv_bridge/core.py -> /home/malici/catkin_workspace/build/cv_bridge/lib/cv_bridge
copying python/cv_bridge/__init__.py -> /home/malici/catkin_workspace/build/cv_bridge/lib/cv_bridge
running install
running install_lib
creating /home/malici/catkin_workspace/install/lib/python3/dist-packages/cv_bridge
copying /home/malici/catkin_workspace/build/cv_bridge/lib/cv_bridge/core.py -> /home/malici/catkin_workspace/install/lib/python3/dist-packages/cv_bridge
copying /home/malici/catkin_workspace/build/cv_bridge/lib/cv_bridge/__init__.py -> /home/malici/catkin_workspace/install/lib/python3/dist-packages/cv_bridge
byte-compiling /home/malici/catkin_workspace/install/lib/python3/dist-packages/cv_bridge/core.py to core.cpython-36.pyc
byte-compiling /home/malici/catkin_workspace/install/lib/python3/dist-packages/cv_bridge/__init__.py to __init__.cpython-36.pyc
running install_egg_info
Writing /home/malici/catkin_workspace/install/lib/python3/dist-packages/cv_bridge-1.13.0.egg-info
-- Installing: /home/malici/catkin_workspace/install/include/cv_bridge
-- Installing: /home/malici/catkin_workspace/install/include/cv_bridge/rgb_colors.h
-- Installing: /home/malici/catkin_workspace/install/include/cv_bridge/cv_bridge.h
-- Installing: /home/malici/catkin_workspace/install/lib/python3/dist-packages/cv_bridge/boost/__init__.py
-- Installing: /home/malici/catkin_workspace/install/lib/libcv_bridge.so
-- Set runtime path of "/home/malici/catkin_workspace/install/lib/libcv_bridge.so" to ""
-- Installing: /home/malici/catkin_workspace/install/lib/python3/dist-packages/cv_bridge/boost/cv_bridge_boost.so
-- Set runtime path of "/home/malici/catkin_workspace/install/lib/python3/dist-packages/cv_bridge/boost/cv_bridge_boost.so" to ""
